<?xml version="1.0" encoding="UTF-8" ?>
<testsuites>
  <testsuite errors="0" failures="0" hostname="meghaiyer-PC" id="0" name="TestSuite" package="com.megha.junittest" skipped="1" tests="2" time="21.171" timestamp="2015-12-22T21:03:49">
      <properties>
[...]
</properties>

      <testcase classname="com.megha.junittest.VerifySendGmail" name="testPrintParameters[0]" time="0.0">
          <skipped />

      </testcase>

      <testcase classname="com.megha.junittest.VerifySendGmail" name="testSendingAndReceivingGmail[0]" time="20.88" />

      <system-out><![CDATA[Executing tests in TestSendMail class.
Executing before each test method.
Sending to: shah.iyer@googlemail.com
Sent successfully!
Executed after each method.
Finished executing tests in TestSendMail class.
]]></system-out>

      <system-err><![CDATA[Dec 22, 2015 3:03:49 PM com.megha.junittest.VerifySendGmail$1 starting
INFO: testSendingAndReceivingGmail[0] being run...
Dec 22, 2015 3:04:10 PM com.megha.junittest.VerifySendGmail testSendingAndReceivingGmail
INFO: Email from shah.iyer@googlemail.com received by connecteduqa@gmail.com
Dec 22, 2015 3:04:10 PM com.megha.junittest.VerifySendGmail testSendingAndReceivingGmail
INFO: Validated subject JavaMailTest-1 Subject and body JavaMailTest-1 Body.
]]></system-err>

  </testsuite>
  <testsuite errors="0" failures="0" hostname="meghaiyer-PC" id="1" name="VerifySendGmail" package="com.megha.junittest" skipped="1" tests="2" time="20.653" timestamp="2015-12-22T21:04:11">
      <properties>
[...]
</properties>

      <testcase classname="com.megha.junittest.VerifySendGmail" name="testPrintParameters[0]" time="0.0">
          <skipped />

      </testcase>

      <testcase classname="com.megha.junittest.VerifySendGmail" name="testSendingAndReceivingGmail[0]" time="20.386" />

      <system-out><![CDATA[Executing tests in TestSendMail class.
Executing before each test method.
Sending to: shah.iyer@googlemail.com
Sent successfully!
Executed after each method.
Finished executing tests in TestSendMail class.
]]></system-out>

      <system-err><![CDATA[Dec 22, 2015 3:04:11 PM com.megha.junittest.VerifySendGmail$1 starting
INFO: testSendingAndReceivingGmail[0] being run...
Dec 22, 2015 3:04:31 PM com.megha.junittest.VerifySendGmail testSendingAndReceivingGmail
INFO: Email from shah.iyer@googlemail.com received by connecteduqa@gmail.com
Dec 22, 2015 3:04:31 PM com.megha.junittest.VerifySendGmail testSendingAndReceivingGmail
INFO: Validated subject JavaMailTest-1 Subject and body JavaMailTest-1 Body.
]]></system-err>

  </testsuite>
  <testsuite errors="0" failures="0" hostname="meghaiyer-PC" id="2" name="VerifySendGmail" package="com.megha.junittest" skipped="1" tests="2" time="21.137" timestamp="2015-12-22T21:04:32">
      <properties>
[...]
</properties>

      <testcase classname="com.megha.junittest.VerifySendGmail" name="testPrintParameters[0]" time="0.0">
          <skipped />

      </testcase>

      <testcase classname="com.megha.junittest.VerifySendGmail" name="testSendingAndReceivingGmail[0]" time="20.867" />

      <system-out><![CDATA[Executing tests in TestSendMail class.
Executing before each test method.
Sending to: shah.iyer@googlemail.com
Sent successfully!
Executed after each method.
Finished executing tests in TestSendMail class.
]]></system-out>

      <system-err><![CDATA[Dec 22, 2015 3:04:33 PM com.megha.junittest.VerifySendGmail$1 starting
INFO: testSendingAndReceivingGmail[0] being run...
Dec 22, 2015 3:04:53 PM com.megha.junittest.VerifySendGmail testSendingAndReceivingGmail
INFO: Email from shah.iyer@googlemail.com received by connecteduqa@gmail.com
Dec 22, 2015 3:04:53 PM com.megha.junittest.VerifySendGmail testSendingAndReceivingGmail
INFO: Validated subject JavaMailTest-1 Subject and body JavaMailTest-1 Body.
]]></system-err>

  </testsuite>
</testsuites>
